-------------------------------------------------------------------------------
Test set: com.payulatam.recruiting.NetworkPrioritizationTest
-------------------------------------------------------------------------------
Tests run: 3, Failures: 1, Errors: 0, Skipped: 0, Time elapsed: 0.105 s <<< FAILURE! - in com.payulatam.recruiting.NetworkPrioritizationTest
testOrderByResponseTimeAndCost(com.payulatam.recruiting.NetworkPrioritizationTest)  Time elapsed: 0.01 s  <<< FAILURE!
org.junit.internal.ArrayComparisonFailure: arrays first differed at element [1]; expected:<3> but was:<1>
	at com.payulatam.recruiting.NetworkPrioritizationTest.testOrderByResponseTimeAndCost(NetworkPrioritizationTest.java:47)

