<?xml version="1.0" encoding="UTF-8"?>
<testsuite xmlns:xsi="http://www.w3.org/2001/XMLSchema-instance" xsi:noNamespaceSchemaLocation="https://maven.apache.org/surefire/maven-surefire-plugin/xsd/surefire-test-report.xsd" name="com.payulatam.recruiting.NetworkPrioritizationTest" time="0.105" tests="3" errors="0" skipped="0" failures="1">
  <properties>
[...]
</properties>
  <testcase name="testOrderByCost" classname="com.payulatam.recruiting.NetworkPrioritizationTest" time="0.03"/>
  <testcase name="testOrderByResponseTime" classname="com.payulatam.recruiting.NetworkPrioritizationTest" time="0.001"/>
  <testcase name="testOrderByResponseTimeAndCost" classname="com.payulatam.recruiting.NetworkPrioritizationTest" time="0.01">
    <failure message="arrays first differed at element [1]; expected:&lt;3&gt; but was:&lt;1&gt;" type="org.junit.internal.ArrayComparisonFailure"><![CDATA[org.junit.internal.ArrayComparisonFailure: arrays first differed at element [1]; expected:<3> but was:<1>
	at com.payulatam.recruiting.NetworkPrioritizationTest.testOrderByResponseTimeAndCost(NetworkPrioritizationTest.java:47)
]]></failure>
  </testcase>
</testsuite>